Using pre-set license
Built from '2021.3/staging' branch; Version is '2021.3.22f1 (b6c551784ba3) revision 11978065'; Using compiler version '192829333'; Build Type 'Release'
OS: 'Windows 10  (10.0.19045) 64bit Core' Language: 'ko' Physical Memory: 32706 MB
BatchMode: 1, IsHumanControllingUs: 0, StartBugReporterOnCrash: 0, Is64bit: 1, IsPro: 1

COMMAND LINE ARGUMENTS:
C:\Program Files\Unity\Hub\Editor\2021.3.22f1\Editor\Unity.exe
-adb2
-batchMode
-noUpm
-name
AssetImportWorker1
-projectPath
E:/Port/20210407 ShootingGame
-logFile
Logs/AssetImportWorker1.log
-srvPort
14818
Successfully changed project path to: E:/Port/20210407 ShootingGame
E:/Port/20210407 ShootingGame
[UnityMemory] Configuration Parameters - Can be set up in boot.config
    "memorysetup-bucket-allocator-granularity=16"
    "memorysetup-bucket-allocator-bucket-count=8"
    "memorysetup-bucket-allocator-block-size=33554432"
    "memorysetup-bucket-allocator-block-count=8"
    "memorysetup-main-allocator-block-size=16777216"
    "memorysetup-thread-allocator-block-size=16777216"
    "memorysetup-gfx-main-allocator-block-size=16777216"
    "memorysetup-gfx-thread-allocator-block-size=16777216"
    "memorysetup-cache-allocator-block-size=4194304"
    "memorysetup-typetree-allocator-block-size=2097152"
    "memorysetup-profiler-bucket-allocator-granularity=16"
    "memorysetup-profiler-bucket-allocator-bucket-count=8"
    "memorysetup-profiler-bucket-allocator-block-size=33554432"
    "memorysetup-profiler-bucket-allocator-block-count=8"
    "memorysetup-profiler-allocator-block-size=16777216"
    "memorysetup-profiler-editor-allocator-block-size=1048576"
    "memorysetup-temp-allocator-size-main=16777216"
    "memorysetup-job-temp-allocator-block-size=2097152"
    "memorysetup-job-temp-allocator-block-size-background=1048576"
    "memorysetup-job-temp-allocator-reduction-small-platforms=262144"
    "memorysetup-temp-allocator-size-background-worker=32768"
    "memorysetup-temp-allocator-size-job-worker=262144"
    "memorysetup-temp-allocator-size-preload-manager=33554432"
    "memorysetup-temp-allocator-size-nav-mesh-worker=65536"
    "memorysetup-temp-allocator-size-audio-worker=65536"
    "memorysetup-temp-allocator-size-cloud-worker=32768"
    "memorysetup-temp-allocator-size-gi-baking-worker=262144"
    "memorysetup-temp-allocator-size-gfx=262144"
Player connection [59564] Host "[IP] 192.168.0.2 [Port] 0 [Flags] 2 [Guid] 185130560 [EditorId] 185130560 [Version] 1048832 [Id] WindowsEditor(7,DESKTOP-P4L4S61) [Debug] 1 [PackageName] WindowsEditor [ProjectName] Editor" joined multi-casting on [225.0.0.222:54997]...

Player connection [59564] Host "[IP] 192.168.0.2 [Port] 0 [Flags] 2 [Guid] 185130560 [EditorId] 185130560 [Version] 1048832 [Id] WindowsEditor(7,DESKTOP-P4L4S61) [Debug] 1 [PackageName] WindowsEditor [ProjectName] Editor" joined alternative multi-casting on [225.0.0.222:34997]...

Refreshing native plugins compatible for Editor in 53.34 ms, found 2 plugins.
Preloading 0 native plugins for Editor in 0.00 ms.
Initialize engine version: 2021.3.22f1 (b6c551784ba3)
[Subsystems] Discovering subsystems at path C:/Program Files/Unity/Hub/Editor/2021.3.22f1/Editor/Data/Resources/UnitySubsystems
[Subsystems] Discovering subsystems at path E:/Port/20210407 ShootingGame/Assets
GfxDevice: creating device client; threaded=0; jobified=0
Direct3D:
    Version:  Direct3D 11.0 [level 11.1]
    Renderer: Radeon RX 570 Series (ID=0x67df)
    Vendor:   ATI
    VRAM:     4074 MB
    Driver:   31.0.14037.1007
Initialize mono
Mono path[0] = 'C:/Program Files/Unity/Hub/Editor/2021.3.22f1/Editor/Data/Managed'
Mono path[1] = 'C:/Program Files/Unity/Hub/Editor/2021.3.22f1/Editor/Data/MonoBleedingEdge/lib/mono/unityjit-win32'
Mono config path = 'C:/Program Files/Unity/Hub/Editor/2021.3.22f1/Editor/Data/MonoBleedingEdge/etc'
Using monoOptions --debugger-agent=transport=dt_socket,embedding=1,server=y,suspend=n,address=127.0.0.1:56560
Begin MonoManager ReloadAssembly
Registering precompiled unity dll's ...
Register platform support module: C:/Program Files/Unity/Hub/Editor/2021.3.22f1/Editor/Data/PlaybackEngines/AndroidPlayer/UnityEditor.Android.Extensions.dll
Register platform support module: C:/Program Files/Unity/Hub/Editor/2021.3.22f1/Editor/Data/PlaybackEngines/WindowsStandaloneSupport/UnityEditor.WindowsStandalone.Extensions.dll
Registered in 0.014299 seconds.
Native extension for WindowsStandalone target not found
Native extension for Android target not found
Android Extension - Scanning For ADB Devices 554 ms
Refreshing native plugins compatible for Editor in 47.97 ms, found 2 plugins.
Preloading 0 native plugins for Editor in 0.00 ms.
Mono: successfully reloaded assembly
- Completed reload, in  1.762 seconds
Domain Reload Profiling:
	ReloadAssembly (1764ms)
		BeginReloadAssembly (188ms)
			ExecutionOrderSort (0ms)
			DisableScriptedObjects (0ms)
			BackupInstance (0ms)
			ReleaseScriptingObjects (0ms)
			CreateAndSetChildDomain (1ms)
		EndReloadAssembly (1357ms)
			LoadAssemblies (186ms)
			RebuildTransferFunctionScriptingTraits (0ms)
			SetupTypeCache (224ms)
			ReleaseScriptCaches (0ms)
			RebuildScriptCaches (41ms)
			SetupLoadedEditorAssemblies (1001ms)
				LogAssemblyErrors (0ms)
				InitializePlatformSupportModulesInManaged (660ms)
				SetLoadedEditorAssemblies (0ms)
				RefreshPlugins (48ms)
				BeforeProcessingInitializeOnLoad (5ms)
				ProcessInitializeOnLoadAttributes (174ms)
				ProcessInitializeOnLoadMethodAttributes (113ms)
				AfterProcessingInitializeOnLoad (0ms)
				EditorAssembliesLoaded (0ms)
			ExecutionOrderSort2 (0ms)
			AwakeInstancesAfterBackupRestoration (0ms)
Platform modules already initialized, skipping
Registering precompiled user dll's ...
Registered in 0.002873 seconds.
Begin MonoManager ReloadAssembly
Native extension for WindowsStandalone target not found
Native extension for Android target not found
Refreshing native plugins compatible for Editor in 0.65 ms, found 2 plugins.
Preloading 0 native plugins for Editor in 0.00 ms.
Mono: successfully reloaded assembly
- Completed reload, in  1.443 seconds
Domain Reload Profiling:
	ReloadAssembly (1445ms)
		BeginReloadAssembly (244ms)
			ExecutionOrderSort (0ms)
			DisableScriptedObjects (9ms)
			BackupInstance (0ms)
			ReleaseScriptingObjects (0ms)
			CreateAndSetChildDomain (38ms)
		EndReloadAssembly (990ms)
			LoadAssemblies (174ms)
			RebuildTransferFunctionScriptingTraits (0ms)
			SetupTypeCache (281ms)
			ReleaseScriptCaches (1ms)
			RebuildScriptCaches (86ms)
			SetupLoadedEditorAssemblies (431ms)
				LogAssemblyErrors (0ms)
				InitializePlatformSupportModulesInManaged (28ms)
				SetLoadedEditorAssemblies (1ms)
				RefreshPlugins (1ms)
				BeforeProcessingInitializeOnLoad (70ms)
				ProcessInitializeOnLoadAttributes (277ms)
				ProcessInitializeOnLoadMethodAttributes (40ms)
				AfterProcessingInitializeOnLoad (14ms)
				EditorAssembliesLoaded (0ms)
			ExecutionOrderSort2 (0ms)
			AwakeInstancesAfterBackupRestoration (29ms)
Platform modules already initialized, skipping
========================================================================
Worker process is ready to serve import requests
Launched and connected shader compiler UnityShaderCompiler.exe after 0.07 seconds
Refreshing native plugins compatible for Editor in 0.94 ms, found 2 plugins.
Preloading 0 native plugins for Editor in 0.00 ms.
Unloading 1378 Unused Serialized files (Serialized files now loaded: 0)
Unloading 17 unused Assets / (56.1 KB). Loaded Objects now: 1848.
Memory consumption went from 70.8 MB to 70.8 MB.
Total: 6.151600 ms (FindLiveObjects: 0.170400 ms CreateObjectMapping: 0.173300 ms MarkObjects: 5.712200 ms  DeleteObjects: 0.094200 ms)

AssetImportParameters requested are different than current active one (requested -> active):
  custom:video-decoder-ogg-theora: a1e56fd34408186e4bbccfd4996cb3dc -> 
  custom:container-muxer-webm: aa71ff27fc2769a1b78a27578f13a17b -> 
  custom:container-demuxer-webm: 4f35f7cbe854078d1ac9338744f61a02 -> 
  custom:video-encoder-webm-vp8: eb34c28f22e8b96e1ab97ce403110664 -> 
  custom:audio-encoder-webm-vorbis: bf7c407c2cedff20999df2af8eb42d56 -> 
  custom:framework-win-MediaFoundation: 216162199b28c13a410421893ffa2e32 -> 
  custom:container-demuxer-ogg: 62fdf1f143b41e24485cea50d1cbac27 -> 
  custom:video-decoder-webm-vp8: 9c59270c3fd7afecdb556c50c9e8de78 -> 
  custom:audio-decoder-ogg-vorbis: bf7c407c2cedff20999df2af8eb42d56 -> 
========================================================================
Received Import Request.
  Time since last request: 89910.933060 seconds.
  path: Assets/Enemy.prefab
  artifactKey: Guid(ab1935a65bf388244b568016d316ea47) Importer(815301076,1909f56bfc062723c751e8b465ee728b)
Start importing Assets/Enemy.prefab using Guid(ab1935a65bf388244b568016d316ea47) Importer(815301076,1909f56bfc062723c751e8b465ee728b)  -> (artifact id: 'da2a188dbc84fb6202f99b4f002bcb39') in 0.522603 seconds 
========================================================================
Received Import Request.
  Time since last request: 0.000023 seconds.
  path: Assets/bomb-2025548_960_720.png
  artifactKey: Guid(a0d1a76b68c382f47833c70f7d54607e) Importer(815301076,1909f56bfc062723c751e8b465ee728b)
Start importing Assets/bomb-2025548_960_720.png using Guid(a0d1a76b68c382f47833c70f7d54607e) Importer(815301076,1909f56bfc062723c751e8b465ee728b)  -> (artifact id: '56c8e1fc8a941677b6b70d123cb10554') in 0.127011 seconds 
========================================================================
Received Import Request.
  Time since last request: 0.000026 seconds.
  path: Assets/CFX_Explosion_B_Smoke+Text.prefab
  artifactKey: Guid(a268fdfddf7698848a50858146fffe8b) Importer(815301076,1909f56bfc062723c751e8b465ee728b)
Start importing Assets/CFX_Explosion_B_Smoke+Text.prefab using Guid(a268fdfddf7698848a50858146fffe8b) Importer(815301076,1909f56bfc062723c751e8b465ee728b)  -> (artifact id: '162c028c91b1788fcc53ea10c3ce81b4') in 0.070109 seconds 
========================================================================
Received Import Request.
  Time since last request: 0.000056 seconds.
  path: Assets/tower_defence.prefab
  artifactKey: Guid(9f7f20fcfe3e7a844a2edea44dc3ca9f) Importer(815301076,1909f56bfc062723c751e8b465ee728b)
Start importing Assets/tower_defence.prefab using Guid(9f7f20fcfe3e7a844a2edea44dc3ca9f) Importer(815301076,1909f56bfc062723c751e8b465ee728b)  -> (artifact id: '450975e6b4cbd697635e0ee3d962a3a2') in 0.053743 seconds 
========================================================================
Received Import Request.
  Time since last request: 0.000018 seconds.
  path: Assets/New Material 1.mat
  artifactKey: Guid(1b644d7802a70ed40bc017fd31d31fb0) Importer(815301076,1909f56bfc062723c751e8b465ee728b)
Start importing Assets/New Material 1.mat using Guid(1b644d7802a70ed40bc017fd31d31fb0) Importer(815301076,1909f56bfc062723c751e8b465ee728b)  -> (artifact id: '1c74700266f6e1d2c4a6b0f00ef1e515') in 0.081567 seconds 
========================================================================
Received Prepare
Registering precompiled user dll's ...
Registered in 0.001833 seconds.
Begin MonoManager ReloadAssembly
Native extension for WindowsStandalone target not found
Native extension for Android target not found
Refreshing native plugins compatible for Editor in 0.56 ms, found 2 plugins.
Preloading 0 native plugins for Editor in 0.00 ms.
Mono: successfully reloaded assembly
- Completed reload, in  1.362 seconds
Domain Reload Profiling:
	ReloadAssembly (1363ms)
		BeginReloadAssembly (234ms)
			ExecutionOrderSort (0ms)
			DisableScriptedObjects (5ms)
			BackupInstance (0ms)
			ReleaseScriptingObjects (0ms)
			CreateAndSetChildDomain (66ms)
		EndReloadAssembly (992ms)
			LoadAssemblies (131ms)
			RebuildTransferFunctionScriptingTraits (0ms)
			SetupTypeCache (273ms)
			ReleaseScriptCaches (1ms)
			RebuildScriptCaches (57ms)
			SetupLoadedEditorAssemblies (459ms)
				LogAssemblyErrors (0ms)
				InitializePlatformSupportModulesInManaged (34ms)
				SetLoadedEditorAssemblies (1ms)
				RefreshPlugins (1ms)
				BeforeProcessingInitializeOnLoad (77ms)
				ProcessInitializeOnLoadAttributes (303ms)
				ProcessInitializeOnLoadMethodAttributes (31ms)
				AfterProcessingInitializeOnLoad (13ms)
				EditorAssembliesLoaded (0ms)
			ExecutionOrderSort2 (0ms)
			AwakeInstancesAfterBackupRestoration (17ms)
Platform modules already initialized, skipping
Refreshing native plugins compatible for Editor in 2.70 ms, found 2 plugins.
Preloading 0 native plugins for Editor in 0.00 ms.
Unloading 1362 Unused Serialized files (Serialized files now loaded: 0)
Unloading 12 unused Assets / (76.2 KB). Loaded Objects now: 1900.
Memory consumption went from 73.8 MB to 73.7 MB.
Total: 6.210800 ms (FindLiveObjects: 0.134900 ms CreateObjectMapping: 0.046900 ms MarkObjects: 5.845900 ms  DeleteObjects: 0.182000 ms)

AssetImportParameters requested are different than current active one (requested -> active):
  custom:video-decoder-ogg-theora: a1e56fd34408186e4bbccfd4996cb3dc -> 
  custom:container-muxer-webm: aa71ff27fc2769a1b78a27578f13a17b -> 
  custom:container-demuxer-webm: 4f35f7cbe854078d1ac9338744f61a02 -> 
  custom:video-encoder-webm-vp8: eb34c28f22e8b96e1ab97ce403110664 -> 
  custom:audio-encoder-webm-vorbis: bf7c407c2cedff20999df2af8eb42d56 -> 
  custom:framework-win-MediaFoundation: 216162199b28c13a410421893ffa2e32 -> 
  custom:container-demuxer-ogg: 62fdf1f143b41e24485cea50d1cbac27 -> 
  custom:video-decoder-webm-vp8: 9c59270c3fd7afecdb556c50c9e8de78 -> 
  custom:audio-decoder-ogg-vorbis: bf7c407c2cedff20999df2af8eb42d56 -> 
========================================================================
Received Import Request.
  Time since last request: 550.970614 seconds.
  path: Assets/sTargeting/Prefabs/2d ring target 1 Green.prefab
  artifactKey: Guid(5d4fd87639fae7344aec91e10766c92a) Importer(815301076,1909f56bfc062723c751e8b465ee728b)
Start importing Assets/sTargeting/Prefabs/2d ring target 1 Green.prefab using Guid(5d4fd87639fae7344aec91e10766c92a) Importer(815301076,1909f56bfc062723c751e8b465ee728b)  -> (artifact id: '67be8dbf749c648f87115d266b6f3331') in 0.153519 seconds 
========================================================================
Received Import Request.
  Time since last request: 0.000027 seconds.
  path: Assets/sTargeting/Prefabs/2d ring target 18 Green.prefab
  artifactKey: Guid(f6a18e8ed6c62f14daa8d2c9b488fedf) Importer(815301076,1909f56bfc062723c751e8b465ee728b)
Start importing Assets/sTargeting/Prefabs/2d ring target 18 Green.prefab using Guid(f6a18e8ed6c62f14daa8d2c9b488fedf) Importer(815301076,1909f56bfc062723c751e8b465ee728b)  -> (artifact id: '893b0b2c57f9d6c52f277a3d52587ce6') in 0.021511 seconds 
========================================================================
Received Import Request.
  Time since last request: 0.000041 seconds.
  path: Assets/sTargeting/Prefabs/2d ring target 9 Green.prefab
  artifactKey: Guid(783f70193eb654649a1d66284dd7d897) Importer(815301076,1909f56bfc062723c751e8b465ee728b)
Start importing Assets/sTargeting/Prefabs/2d ring target 9 Green.prefab using Guid(783f70193eb654649a1d66284dd7d897) Importer(815301076,1909f56bfc062723c751e8b465ee728b)  -> (artifact id: 'c4b7fcae7ccb4abeaf5c20b0653d7246') in 0.036984 seconds 
========================================================================
Received Import Request.
  Time since last request: 0.000017 seconds.
  path: Assets/AurynSky/Rockets Missiles and Bombs/Prefabs/Green/Rocket09_Green.prefab
  artifactKey: Guid(0c8cf5f4899b6704a916c21118bfd186) Importer(815301076,1909f56bfc062723c751e8b465ee728b)
Start importing Assets/AurynSky/Rockets Missiles and Bombs/Prefabs/Green/Rocket09_Green.prefab using Guid(0c8cf5f4899b6704a916c21118bfd186) Importer(815301076,1909f56bfc062723c751e8b465ee728b)  -> (artifact id: '12a06089138d15690c23833bdbdacc02') in 0.182401 seconds 
========================================================================
Received Import Request.
  Time since last request: 0.000024 seconds.
  path: Assets/JMO Assets/Cartoon FX/Materials/Animated/CFX_Anim_Triangle2_AlphaBlendedPremult.mat
  artifactKey: Guid(4d5a52cb18e09b843887aee389016b8d) Importer(815301076,1909f56bfc062723c751e8b465ee728b)
Start importing Assets/JMO Assets/Cartoon FX/Materials/Animated/CFX_Anim_Triangle2_AlphaBlendedPremult.mat using Guid(4d5a52cb18e09b843887aee389016b8d) Importer(815301076,1909f56bfc062723c751e8b465ee728b)  -> (artifact id: 'f4d326b24c5a638f6d94a6151c0a9485') in 0.067926 seconds 
========================================================================
Received Import Request.
  Time since last request: 0.000023 seconds.
  path: Assets/sTargeting/Prefabs/2d ring target 14 Green.prefab
  artifactKey: Guid(e83f213d31bef7945b903542b22a3d58) Importer(815301076,1909f56bfc062723c751e8b465ee728b)
Start importing Assets/sTargeting/Prefabs/2d ring target 14 Green.prefab using Guid(e83f213d31bef7945b903542b22a3d58) Importer(815301076,1909f56bfc062723c751e8b465ee728b)  -> (artifact id: '45cdccc3b2ecba4964d2c4ea73a39df6') in 0.026918 seconds 
========================================================================
Received Import Request.
  Time since last request: 0.000023 seconds.
  path: Assets/JMO Assets/Cartoon FX/Materials/Symbols/CFX2_BrokenHeart Add.mat
  artifactKey: Guid(53d0980ae6a0d2f4290706eb595fa872) Importer(815301076,1909f56bfc062723c751e8b465ee728b)
Start importing Assets/JMO Assets/Cartoon FX/Materials/Symbols/CFX2_BrokenHeart Add.mat using Guid(53d0980ae6a0d2f4290706eb595fa872) Importer(815301076,1909f56bfc062723c751e8b465ee728b)  -> (artifact id: 'a00c4c96a0f2f75ac6825bfe290efd3a') in 0.069407 seconds 
========================================================================
Received Import Request.
  Time since last request: 0.000019 seconds.
  path: Assets/AurynSky/Rockets Missiles and Bombs/Prefabs/Green/Rocket20_Green.prefab
  artifactKey: Guid(4d2d440b288a61342852b3f119e85da7) Importer(815301076,1909f56bfc062723c751e8b465ee728b)
Start importing Assets/AurynSky/Rockets Missiles and Bombs/Prefabs/Green/Rocket20_Green.prefab using Guid(4d2d440b288a61342852b3f119e85da7) Importer(815301076,1909f56bfc062723c751e8b465ee728b)  -> (artifact id: 'f72e8689c740fc48e8f0d4d50aa7f59b') in 0.028676 seconds 
========================================================================
Received Import Request.
  Time since last request: 0.000018 seconds.
  path: Assets/AurynSky/Rockets Missiles and Bombs/Prefabs/Green/Rocket12_Green.prefab
  artifactKey: Guid(1b70bcb7b0c23404f8a7d68b0211f947) Importer(815301076,1909f56bfc062723c751e8b465ee728b)
Start importing Assets/AurynSky/Rockets Missiles and Bombs/Prefabs/Green/Rocket12_Green.prefab using Guid(1b70bcb7b0c23404f8a7d68b0211f947) Importer(815301076,1909f56bfc062723c751e8b465ee728b)  -> (artifact id: 'ca378daf4e98bb70df09c273ced5617b') in 0.030355 seconds 
========================================================================
Received Import Request.
  Time since last request: 0.000018 seconds.
  path: Assets/AurynSky/Rockets Missiles and Bombs/Prefabs/Green/Rocket03_Green.prefab
  artifactKey: Guid(0f85577f6f0e93944b5a0e1c0b7f87b6) Importer(815301076,1909f56bfc062723c751e8b465ee728b)
Start importing Assets/AurynSky/Rockets Missiles and Bombs/Prefabs/Green/Rocket03_Green.prefab using Guid(0f85577f6f0e93944b5a0e1c0b7f87b6) Importer(815301076,1909f56bfc062723c751e8b465ee728b)  -> (artifact id: '47ba2f5a6696d56bbae8c552857df692') in 0.040685 seconds 
========================================================================
Received Import Request.
  Time since last request: 0.000025 seconds.
  path: Assets/Penguin/penguin.prefab
  artifactKey: Guid(8280ad2f586477b47ac0d3d3e444e3aa) Importer(815301076,1909f56bfc062723c751e8b465ee728b)
Start importing Assets/Penguin/penguin.prefab using Guid(8280ad2f586477b47ac0d3d3e444e3aa) Importer(815301076,1909f56bfc062723c751e8b465ee728b)  -> (artifact id: '7478b9f71e0916df9a77ae3da579c970') in 0.087193 seconds 
========================================================================
Received Import Request.
  Time since last request: 0.000051 seconds.
  path: Assets/AurynSky/Rockets Missiles and Bombs/Prefabs/Green/Rocket06_Green.prefab
  artifactKey: Guid(d64b0abaa9d2f2b4db735eb3fbc14c52) Importer(815301076,1909f56bfc062723c751e8b465ee728b)
Start importing Assets/AurynSky/Rockets Missiles and Bombs/Prefabs/Green/Rocket06_Green.prefab using Guid(d64b0abaa9d2f2b4db735eb3fbc14c52) Importer(815301076,1909f56bfc062723c751e8b465ee728b)  -> (artifact id: '6ba410862146f89045c8a9cdb65f9a74') in 0.028892 seconds 
========================================================================
Received Import Request.
  Time since last request: 0.000022 seconds.
  path: Assets/sTargeting/Prefabs/2d ring target 20 Green.prefab
  artifactKey: Guid(b942690941aee614586d862d11891324) Importer(815301076,1909f56bfc062723c751e8b465ee728b)
Start importing Assets/sTargeting/Prefabs/2d ring target 20 Green.prefab using Guid(b942690941aee614586d862d11891324) Importer(815301076,1909f56bfc062723c751e8b465ee728b)  -> (artifact id: 'bf5cee67a8702dd008716c3117500904') in 0.031057 seconds 
========================================================================
Received Import Request.
  Time since last request: 0.000023 seconds.
  path: Assets/sTargeting/Prefabs/2d ring target 15 Green.prefab
  artifactKey: Guid(c12b0b6b137349f4099a37d6c310ca43) Importer(815301076,1909f56bfc062723c751e8b465ee728b)
Start importing Assets/sTargeting/Prefabs/2d ring target 15 Green.prefab using Guid(c12b0b6b137349f4099a37d6c310ca43) Importer(815301076,1909f56bfc062723c751e8b465ee728b)  -> (artifact id: 'd22b046faf2e51d3e85ad57cc95ecae6') in 0.026995 seconds 
========================================================================
Received Import Request.
  Time since last request: 0.000021 seconds.
  path: Assets/AurynSky/Rockets Missiles and Bombs/Prefabs/Green/Rocket05_Green.prefab
  artifactKey: Guid(234a48d2eef6f4e43bf9c887346a30f5) Importer(815301076,1909f56bfc062723c751e8b465ee728b)
Start importing Assets/AurynSky/Rockets Missiles and Bombs/Prefabs/Green/Rocket05_Green.prefab using Guid(234a48d2eef6f4e43bf9c887346a30f5) Importer(815301076,1909f56bfc062723c751e8b465ee728b)  -> (artifact id: 'c7199e6745b4b800e1fe6938cea37c74') in 0.026217 seconds 
========================================================================
Received Import Request.
  Time since last request: 0.000023 seconds.
  path: Assets/AurynSky/Rockets Missiles and Bombs/Prefabs/Green/Rocket16_Green.prefab
  artifactKey: Guid(d0d7969717e1fc54c984cc313d6d4b81) Importer(815301076,1909f56bfc062723c751e8b465ee728b)
Start importing Assets/AurynSky/Rockets Missiles and Bombs/Prefabs/Green/Rocket16_Green.prefab using Guid(d0d7969717e1fc54c984cc313d6d4b81) Importer(815301076,1909f56bfc062723c751e8b465ee728b)  -> (artifact id: 'ba6c9532dbd15cb0df42fa4ca72929ed') in 0.029936 seconds 
========================================================================
Received Import Request.
  Time since last request: 0.000031 seconds.
  path: Assets/JMO Assets/Cartoon FX/CFX3 Prefabs/Environment/CFX3_Snow_Dense.prefab
  artifactKey: Guid(de07bf378e7247444a0715ad2ff509e3) Importer(815301076,1909f56bfc062723c751e8b465ee728b)
Start importing Assets/JMO Assets/Cartoon FX/CFX3 Prefabs/Environment/CFX3_Snow_Dense.prefab using Guid(de07bf378e7247444a0715ad2ff509e3) Importer(815301076,1909f56bfc062723c751e8b465ee728b)  -> (artifact id: 'd4d549423cd0c00d4af6567b27a3333b') in 0.028714 seconds 
========================================================================
Received Import Request.
  Time since last request: 0.000021 seconds.
  path: Assets/AurynSky/Rockets Missiles and Bombs/Prefabs/Green/Rocket10_Green.prefab
  artifactKey: Guid(e1ce64c76bf42f245aa2cec88ba7af0c) Importer(815301076,1909f56bfc062723c751e8b465ee728b)
Start importing Assets/AurynSky/Rockets Missiles and Bombs/Prefabs/Green/Rocket10_Green.prefab using Guid(e1ce64c76bf42f245aa2cec88ba7af0c) Importer(815301076,1909f56bfc062723c751e8b465ee728b)  -> (artifact id: '3f3ae76016561a20233f08e84a5069b7') in 0.017581 seconds 
========================================================================
Received Import Request.
  Time since last request: 0.000025 seconds.
  path: Assets/sTargeting/Prefabs/2d ring target 4 Green.prefab
  artifactKey: Guid(0c65783a29ff6694bbafac711d77e5b1) Importer(815301076,1909f56bfc062723c751e8b465ee728b)
Start importing Assets/sTargeting/Prefabs/2d ring target 4 Green.prefab using Guid(0c65783a29ff6694bbafac711d77e5b1) Importer(815301076,1909f56bfc062723c751e8b465ee728b)  -> (artifact id: 'b18ae530de3b686f574c6ed3122bb52d') in 0.026238 seconds 
========================================================================
Received Import Request.
  Time since last request: 0.000062 seconds.
  path: Assets/Penguin/fbx/penguin.FBX
  artifactKey: Guid(d3db9fd334104074c95a9f6ee425513d) Importer(815301076,1909f56bfc062723c751e8b465ee728b)
Start importing Assets/Penguin/fbx/penguin.FBX using Guid(d3db9fd334104074c95a9f6ee425513d) Importer(815301076,1909f56bfc062723c751e8b465ee728b)  -> (artifact id: 'd5289504c16c9432df0532437a9ca0ec') in 0.309003 seconds 
========================================================================
Received Import Request.
  Time since last request: 0.000022 seconds.
  path: Assets/sTargeting/Prefabs/2d ring target 7 Green.prefab
  artifactKey: Guid(bce58ad77dfdd22448cac4275c5b27ec) Importer(815301076,1909f56bfc062723c751e8b465ee728b)
Start importing Assets/sTargeting/Prefabs/2d ring target 7 Green.prefab using Guid(bce58ad77dfdd22448cac4275c5b27ec) Importer(815301076,1909f56bfc062723c751e8b465ee728b)  -> (artifact id: 'd412b04997f0f9b5614106c6112bab30') in 0.030971 seconds 
========================================================================
Received Import Request.
  Time since last request: 0.000042 seconds.
  path: Assets/JMO Assets/Cartoon FX/Textures/CFX2_T_HeartBroken_2Frames.png
  artifactKey: Guid(fc30dedb4b1539a459c3601dc98f4b47) Importer(815301076,1909f56bfc062723c751e8b465ee728b)
Start importing Assets/JMO Assets/Cartoon FX/Textures/CFX2_T_HeartBroken_2Frames.png using Guid(fc30dedb4b1539a459c3601dc98f4b47) Importer(815301076,1909f56bfc062723c751e8b465ee728b)  -> (artifact id: 'f771d286206f26c4e5789b233e2e7d00') in 0.028132 seconds 
========================================================================
Received Prepare
Registering precompiled user dll's ...
Registered in 0.005565 seconds.
Begin MonoManager ReloadAssembly
Native extension for WindowsStandalone target not found
Native extension for Android target not found
Refreshing native plugins compatible for Editor in 0.64 ms, found 2 plugins.
Preloading 0 native plugins for Editor in 0.00 ms.
Mono: successfully reloaded assembly
- Completed reload, in  1.720 seconds
Domain Reload Profiling:
	ReloadAssembly (1725ms)
		BeginReloadAssembly (252ms)
			ExecutionOrderSort (0ms)
			DisableScriptedObjects (12ms)
			BackupInstance (0ms)
			ReleaseScriptingObjects (0ms)
			CreateAndSetChildDomain (53ms)
		EndReloadAssembly (1311ms)
			LoadAssemblies (176ms)
			RebuildTransferFunctionScriptingTraits (0ms)
			SetupTypeCache (420ms)
			ReleaseScriptCaches (1ms)
			RebuildScriptCaches (77ms)
			SetupLoadedEditorAssemblies (548ms)
				LogAssemblyErrors (0ms)
				InitializePlatformSupportModulesInManaged (41ms)
				SetLoadedEditorAssemblies (0ms)
				RefreshPlugins (1ms)
				BeforeProcessingInitializeOnLoad (78ms)
				ProcessInitializeOnLoadAttributes (335ms)
				ProcessInitializeOnLoadMethodAttributes (67ms)
				AfterProcessingInitializeOnLoad (26ms)
				EditorAssembliesLoaded (0ms)
			ExecutionOrderSort2 (0ms)
			AwakeInstancesAfterBackupRestoration (33ms)
Platform modules already initialized, skipping
Refreshing native plugins compatible for Editor in 1.73 ms, found 2 plugins.
Preloading 0 native plugins for Editor in 0.00 ms.
Unloading 1362 Unused Serialized files (Serialized files now loaded: 0)
Unloading 10 unused Assets / (24.6 KB). Loaded Objects now: 1911.
Memory consumption went from 74.2 MB to 74.1 MB.
Total: 15.273000 ms (FindLiveObjects: 0.306300 ms CreateObjectMapping: 4.405100 ms MarkObjects: 10.524700 ms  DeleteObjects: 0.034700 ms)

AssetImportParameters requested are different than current active one (requested -> active):
  custom:video-decoder-ogg-theora: a1e56fd34408186e4bbccfd4996cb3dc -> 
  custom:container-muxer-webm: aa71ff27fc2769a1b78a27578f13a17b -> 
  custom:container-demuxer-webm: 4f35f7cbe854078d1ac9338744f61a02 -> 
  custom:video-encoder-webm-vp8: eb34c28f22e8b96e1ab97ce403110664 -> 
  custom:audio-encoder-webm-vorbis: bf7c407c2cedff20999df2af8eb42d56 -> 
  custom:framework-win-MediaFoundation: 216162199b28c13a410421893ffa2e32 -> 
  custom:container-demuxer-ogg: 62fdf1f143b41e24485cea50d1cbac27 -> 
  custom:video-decoder-webm-vp8: 9c59270c3fd7afecdb556c50c9e8de78 -> 
  custom:audio-decoder-ogg-vorbis: bf7c407c2cedff20999df2af8eb42d56 -> 
Editor requested this worker to shutdown with reason: Scaling down because of idle timeout
AssetImportWorker is now disconnected from the server
Process exiting
Exiting without the bug reporter. Application will terminate with return code 0